[0.445s] DEBUG:colcon:Command line arguments: ['/usr/bin/colcon', 'build', '--symlink-install', '--base-paths', 'src/dgl_ros/']
[0.445s] DEBUG:colcon:Parsed command line arguments: Namespace(log_base=None, log_level=None, verb_name='build', build_base='build', install_base='install', merge_install=False, symlink_install=True, test_result_base=None, continue_on_error=False, executor='parallel', parallel_workers=12, event_handlers=None, ignore_user_meta=False, metas=['./colcon.meta'], base_paths=['src/dgl_ros/'], packages_ignore=None, packages_ignore_regex=None, paths=None, packages_up_to=None, packages_up_to_regex=None, packages_above=None, packages_above_and_dependencies=None, packages_above_depth=None, packages_select_by_dep=None, packages_skip_by_dep=None, packages_skip_up_to=None, packages_select_build_failed=False, packages_skip_build_finished=False, packages_select_test_failures=False, packages_skip_test_passed=False, packages_select=None, packages_skip=None, packages_select_regex=None, packages_skip_regex=None, packages_start=None, packages_end=None, cmake_args=None, cmake_target=None, cmake_target_skip_unavailable=False, cmake_clean_cache=False, cmake_clean_first=False, cmake_force_configure=False, ament_cmake_args=None, catkin_cmake_args=None, catkin_skip_building_tests=False, mixin_files=None, mixin=None, verb_parser=<colcon_mixin.mixin.mixin_argument.MixinArgumentDecorator object at 0xffffb686a110>, verb_extension=<colcon_core.verb.build.BuildVerb object at 0xffffb681d1e0>, main=<bound method BuildVerb.main of <colcon_core.verb.build.BuildVerb object at 0xffffb681d1e0>>, mixin_verb=('build',))
[0.466s] Level 1:colcon.colcon_core.package_discovery:discover_packages(colcon_meta) check parameters
[0.467s] INFO:colcon.colcon_metadata.package_discovery.colcon_meta:Using configuration from '/root/.colcon/metadata/default/Gazebo.meta'
[0.467s] INFO:colcon.colcon_metadata.package_discovery.colcon_meta:Using configuration from '/root/.colcon/metadata/default/fastrtps.meta'
[0.467s] Level 1:colcon.colcon_core.package_discovery:discover_packages(recursive) check parameters
[0.467s] Level 1:colcon.colcon_core.package_discovery:discover_packages(ignore) check parameters
[0.468s] Level 1:colcon.colcon_core.package_discovery:discover_packages(path) check parameters
[0.468s] Level 1:colcon.colcon_core.package_discovery:discover_packages(recursive) discover
[0.468s] INFO:colcon.colcon_core.package_discovery:Crawling recursively for packages in '/simply_ws/src/dgl_ros/dgl_ros_models/src/dgl_ros'
[0.468s] Level 1:colcon.colcon_core.package_discovery:discover_packages(recursive) using defaults
[0.497s] INFO:colcon.colcon_core.executor:Executing jobs using 'parallel' executor
[0.502s] DEBUG:colcon.colcon_parallel_executor.executor.parallel:run_until_complete
[0.502s] DEBUG:colcon.colcon_parallel_executor.executor.parallel:closing loop
[0.502s] DEBUG:colcon.colcon_parallel_executor.executor.parallel:loop closed
[0.502s] DEBUG:colcon.colcon_parallel_executor.executor.parallel:run_until_complete finished with '0'
[0.503s] DEBUG:colcon.colcon_core.event_reactor:joining thread
[0.513s] INFO:colcon.colcon_core.plugin_system:Skipping extension 'colcon_notification.desktop_notification.notify_send': Could not find 'notify-send'
[0.513s] INFO:colcon.colcon_core.plugin_system:Skipping extension 'colcon_notification.desktop_notification.terminal_notifier': Not used on non-Darwin systems
[0.513s] INFO:colcon.colcon_core.plugin_system:Skipping extension 'colcon_notification.desktop_notification.win32': Not used on non-Windows systems
[0.514s] INFO:colcon.colcon_notification.desktop_notification:Sending desktop notification using 'notify2'
[0.515s] DEBUG:colcon.colcon_notification.desktop_notification.notify2:Failed to initialize notify2: org.freedesktop.DBus.Error.Spawn.ExecFailed: /usr/bin/dbus-launch terminated abnormally without any error message
[0.516s] DEBUG:colcon.colcon_core.event_reactor:joined thread
[0.523s] INFO:colcon.colcon_core.plugin_system:Skipping extension 'colcon_core.shell.bat': Not used on non-Windows systems
[0.523s] INFO:colcon.colcon_core.shell:Creating prefix script '/simply_ws/src/dgl_ros/dgl_ros_models/install/local_setup.ps1'
[0.524s] INFO:colcon.colcon_core.shell:Creating prefix util module '/simply_ws/src/dgl_ros/dgl_ros_models/install/_local_setup_util_ps1.py'
[0.525s] INFO:colcon.colcon_core.shell:Creating prefix chain script '/simply_ws/src/dgl_ros/dgl_ros_models/install/setup.ps1'
[0.543s] INFO:colcon.colcon_core.shell:Creating prefix script '/simply_ws/src/dgl_ros/dgl_ros_models/install/local_setup.sh'
[0.544s] INFO:colcon.colcon_core.shell:Creating prefix util module '/simply_ws/src/dgl_ros/dgl_ros_models/install/_local_setup_util_sh.py'
[0.545s] INFO:colcon.colcon_core.shell:Creating prefix chain script '/simply_ws/src/dgl_ros/dgl_ros_models/install/setup.sh'
[0.562s] INFO:colcon.colcon_core.shell:Creating prefix script '/simply_ws/src/dgl_ros/dgl_ros_models/install/local_setup.bash'
[0.563s] INFO:colcon.colcon_core.shell:Creating prefix chain script '/simply_ws/src/dgl_ros/dgl_ros_models/install/setup.bash'
[0.579s] INFO:colcon.colcon_core.shell:Creating prefix script '/simply_ws/src/dgl_ros/dgl_ros_models/install/local_setup.zsh'
[0.580s] INFO:colcon.colcon_core.shell:Creating prefix chain script '/simply_ws/src/dgl_ros/dgl_ros_models/install/setup.zsh'
